<?xml version="1.0" encoding="UTF-8"?>
<testsuite xmlns:xsi="http://www.w3.org/2001/XMLSchema-instance" xsi:noNamespaceSchemaLocation="https://maven.apache.org/surefire/maven-surefire-plugin/xsd/surefire-test-report-3.0.xsd" version="3.0" name="com.mycompany.testingwir1.Testingwir1Test" time="0.09" tests="3" errors="0" skipped="0" failures="0">
  <properties>
[...]
</properties>
  <testcase name="testRandomDateInRange" classname="com.mycompany.testingwir1.Testingwir1Test" time="0.054"/>
  <testcase name="testRandomStringNotNull" classname="com.mycompany.testingwir1.Testingwir1Test" time="0.003"/>
  <testcase name="testRandomIntInRange" classname="com.mycompany.testingwir1.Testingwir1Test" time="0.002"/>
</testsuite>